<?xml version="1.0" encoding="UTF-8"?>
<!-- Generated by org.testng.reporters.JUnitReportReporter -->
<testsuite hostname="LAPTOP-UK7PKGHG" name="testngPack.demo11" tests="1" failures="0" timestamp="17 Jan 2020 17:57:33 GMT" time="24.160" errors="1">
  <testcase name="d" time="24.160" classname="testngPack.demo11">
    <error type="org.openqa.selenium.SessionNotCreatedException" message="session not created
from chrome not reachable
  (Session info: chrome=79.0.3945.117)
Build info: version: &#039;3.141.59&#039;, revision: &#039;e82be7d358&#039;, time: &#039;2018-11-14T08:25:48&#039;
System info: host: &#039;LAPTOP-UK7PKGHG&#039;, ip: &#039;192.168.191.1&#039;, os.name: &#039;Windows 10&#039;, os.arch: &#039;amd64&#039;, os.version: &#039;10.0&#039;, java.version: &#039;1.8.0_181&#039;
Driver info: driver.version: ChromeDriver
remote stacktrace: Backtrace:
	Ordinal0 [0x001FA923+1550627]
	Ordinal0 [0x0017A731+1025841]
	Ordinal0 [0x000FC5BE+509374]
	Ordinal0 [0x000F62F2+484082]
	Ordinal0 [0x000F69CB+485835]
	Ordinal0 [0x000F7B35+490293]
	Ordinal0 [0x000F3AB5+473781]
	Ordinal0 [0x000FD360+512864]
	Ordinal0 [0x000AB649+177737]
	Ordinal0 [0x000AA8ED+174317]
	Ordinal0 [0x000A8CDB+167131]
	Ordinal0 [0x0009144A+70730]
	Ordinal0 [0x000924D0+74960]
	Ordinal0 [0x00092469+74857]
	Ordinal0 [0x001942F7+1131255]
	GetHandleVerifier [0x0029711D+523789]
	GetHandleVerifier [0x00296EB0+523168]
	GetHandleVerifier [0x0029E207+552695]
	GetHandleVerifier [0x0029791A+525834]
	Ordinal0 [0x0018B82C+1095724]
	Ordinal0 [0x0019636B+1139563]
	Ordinal0 [0x001964D3+1139923]
	Ordinal0 [0x00195455+1135701]
	BaseThreadInitThunk [0x76A36359+25]
	RtlGetAppContainerNamedObjectPath [0x77517B74+228]
	RtlGetAppContainerNamedObjectPath [0x77517B44+180]
	(No symbol) [0x00000000]
">
      <![CDATA[org.openqa.selenium.SessionNotCreatedException: session not created
from chrome not reachable
  (Session info: chrome=79.0.3945.117)
Build info: version: '3.141.59', revision: 'e82be7d358', time: '2018-11-14T08:25:48'
System info: host: 'LAPTOP-UK7PKGHG', ip: '192.168.191.1', os.name: 'Windows 10', os.arch: 'amd64', os.version: '10.0', java.version: '1.8.0_181'
Driver info: driver.version: ChromeDriver
remote stacktrace: Backtrace:
	Ordinal0 [0x001FA923+1550627]
	Ordinal0 [0x0017A731+1025841]
	Ordinal0 [0x000FC5BE+509374]
	Ordinal0 [0x000F62F2+484082]
	Ordinal0 [0x000F69CB+485835]
	Ordinal0 [0x000F7B35+490293]
	Ordinal0 [0x000F3AB5+473781]
	Ordinal0 [0x000FD360+512864]
	Ordinal0 [0x000AB649+177737]
	Ordinal0 [0x000AA8ED+174317]
	Ordinal0 [0x000A8CDB+167131]
	Ordinal0 [0x0009144A+70730]
	Ordinal0 [0x000924D0+74960]
	Ordinal0 [0x00092469+74857]
	Ordinal0 [0x001942F7+1131255]
	GetHandleVerifier [0x0029711D+523789]
	GetHandleVerifier [0x00296EB0+523168]
	GetHandleVerifier [0x0029E207+552695]
	GetHandleVerifier [0x0029791A+525834]
	Ordinal0 [0x0018B82C+1095724]
	Ordinal0 [0x0019636B+1139563]
	Ordinal0 [0x001964D3+1139923]
	Ordinal0 [0x00195455+1135701]
	BaseThreadInitThunk [0x76A36359+25]
	RtlGetAppContainerNamedObjectPath [0x77517B74+228]
	RtlGetAppContainerNamedObjectPath [0x77517B44+180]
	(No symbol) [0x00000000]

	at sun.reflect.NativeConstructorAccessorImpl.newInstance0(Native Method)
	at sun.reflect.NativeConstructorAccessorImpl.newInstance(NativeConstructorAccessorImpl.java:62)
	at sun.reflect.DelegatingConstructorAccessorImpl.newInstance(DelegatingConstructorAccessorImpl.java:45)
	at java.lang.reflect.Constructor.newInstance(Constructor.java:423)
	at org.openqa.selenium.remote.W3CHandshakeResponse.lambda$errorHandler$0(W3CHandshakeResponse.java:62)
	at org.openqa.selenium.remote.HandshakeResponse.lambda$getResponseFunction$0(HandshakeResponse.java:30)
	at org.openqa.selenium.remote.ProtocolHandshake.lambda$createSession$0(ProtocolHandshake.java:126)
	at java.util.stream.ReferencePipeline$3$1.accept(ReferencePipeline.java:193)
	at java.util.Spliterators$ArraySpliterator.tryAdvance(Spliterators.java:958)
	at java.util.stream.ReferencePipeline.forEachWithCancel(ReferencePipeline.java:126)
	at java.util.stream.AbstractPipeline.copyIntoWithCancel(AbstractPipeline.java:498)
	at java.util.stream.AbstractPipeline.copyInto(AbstractPipeline.java:485)
	at java.util.stream.AbstractPipeline.wrapAndCopyInto(AbstractPipeline.java:471)
	at java.util.stream.FindOps$FindOp.evaluateSequential(FindOps.java:152)
	at java.util.stream.AbstractPipeline.evaluate(AbstractPipeline.java:234)
	at java.util.stream.ReferencePipeline.findFirst(ReferencePipeline.java:464)
	at org.openqa.selenium.remote.ProtocolHandshake.createSession(ProtocolHandshake.java:128)
	at org.openqa.selenium.remote.ProtocolHandshake.createSession(ProtocolHandshake.java:74)
	at org.openqa.selenium.remote.HttpCommandExecutor.execute(HttpCommandExecutor.java:136)
	at org.openqa.selenium.remote.service.DriverCommandExecutor.execute(DriverCommandExecutor.java:83)
	at org.openqa.selenium.remote.RemoteWebDriver.execute(RemoteWebDriver.java:552)
	at org.openqa.selenium.remote.RemoteWebDriver.startSession(RemoteWebDriver.java:213)
	at org.openqa.selenium.remote.RemoteWebDriver.<init>(RemoteWebDriver.java:131)
	at org.openqa.selenium.chrome.ChromeDriver.<init>(ChromeDriver.java:181)
	at org.openqa.selenium.chrome.ChromeDriver.<init>(ChromeDriver.java:168)
	at org.openqa.selenium.chrome.ChromeDriver.<init>(ChromeDriver.java:123)
	at testngPack.demo11.d(demo11.java:15)
	at sun.reflect.NativeMethodAccessorImpl.invoke0(Native Method)
	at sun.reflect.NativeMethodAccessorImpl.invoke(NativeMethodAccessorImpl.java:62)
	at sun.reflect.DelegatingMethodAccessorImpl.invoke(DelegatingMethodAccessorImpl.java:43)
	at java.lang.reflect.Method.invoke(Method.java:498)
	at org.testng.internal.MethodInvocationHelper.invokeMethod(MethodInvocationHelper.java:85)
	at org.testng.internal.Invoker.invokeMethod(Invoker.java:639)
	at org.testng.internal.Invoker.invokeTestMethod(Invoker.java:816)
	at org.testng.internal.Invoker.invokeTestMethods(Invoker.java:1124)
	at org.testng.internal.TestMethodWorker.invokeTestMethods(TestMethodWorker.java:125)
	at org.testng.internal.TestMethodWorker.run(TestMethodWorker.java:108)
	at org.testng.TestRunner.privateRun(TestRunner.java:774)
	at org.testng.TestRunner.run(TestRunner.java:624)
	at org.testng.SuiteRunner.runTest(SuiteRunner.java:359)
	at org.testng.SuiteRunner.runSequentially(SuiteRunner.java:354)
	at org.testng.SuiteRunner.privateRun(SuiteRunner.java:312)
	at org.testng.SuiteRunner.run(SuiteRunner.java:261)
	at org.testng.SuiteRunnerWorker.runSuite(SuiteRunnerWorker.java:52)
	at org.testng.SuiteRunnerWorker.run(SuiteRunnerWorker.java:86)
	at org.testng.TestNG.runSuitesSequentially(TestNG.java:1215)
	at org.testng.TestNG.runSuitesLocally(TestNG.java:1140)
	at org.testng.TestNG.run(TestNG.java:1048)
	at org.testng.remote.AbstractRemoteTestNG.run(AbstractRemoteTestNG.java:114)
	at org.testng.remote.RemoteTestNG.initAndRun(RemoteTestNG.java:251)
	at org.testng.remote.RemoteTestNG.main(RemoteTestNG.java:77)
]]>
    </error>
  </testcase> <!-- d -->
</testsuite> <!-- testngPack.demo11 -->
